<?xml version="1.0" encoding="UTF-8"?>
<beans xmlns="http://www.springframework.org/schema/beans"
	xmlns:xsi="http://www.w3.org/2001/XMLSchema-instance" 
	xmlns:tx="http://www.springframework.org/schema/tx"
	xmlns:context="http://www.springframework.org/schema/context"
	xsi:schemaLocation="http://www.springframework.org/schema/beans
		http://www.springframework.org/schema/beans/spring-beans-2.5.xsd
		http://www.springframework.org/schema/tx
		http://www.springframework.org/schema/tx/spring-tx-2.5.xsd
		http://www.springframework.org/schema/context http://www.springframework.org/schema/context/spring-context.xsd">

 	<context:property-placeholder location="classpath:database-test.properties"/>
	<context:component-scan base-package="gov.va.vba.css.cssiam.core" />
	<tx:annotation-driven mode="aspectj" transaction-manager="transactionManager"/>
	
	<bean id="LoggerStartup" class="org.springframework.beans.factory.config.MethodInvokingFactoryBean">
		<property name="targetClass" value="gov.va.vba.framework.serverconfig.LoggerConfigurator" /> 
		<property name="targetMethod" value="firstTimeSetup" /> 
	</bean>

    <bean id="cssUserRepository"
		class="gov.va.vba.css.cssiam.core.cssuser.persistance.impl.JPACssUserRepositoryImpl" />
		
	 <bean class="org.springframework.orm.jpa.JpaTransactionManager" id="transactionManager">
        <property name="entityManagerFactory" ref="entityManagerFactory"/>
    </bean>
	
	<bean id="entityManagerFactory" class="org.springframework.orm.jpa.LocalContainerEntityManagerFactoryBean">
		<property name="loadTimeWeaver">
			<bean class="org.springframework.instrument.classloading.InstrumentationLoadTimeWeaver" />
		</property>
		<property name="persistenceXmlLocation" value="classpath:META-INF/cssiamPersistence.xml"/>
		<property name="dataSource" ref="derbydataSource"/>
		<property name="jpaVendorAdapter" ref="derbyjpaAdpater"/>
		<property name="persistenceUnitName" value="cssiamPersistenceUnit"></property>
		
	</bean>
	
	<bean id="derbydataSource"
		class="org.springframework.jdbc.datasource.DriverManagerDataSource">
		<property name="driverClassName" value="org.apache.derby.jdbc.ClientDriver" />
		<property name="url" value="${database.url}" />
		<property name="username" value="${database.username}" />
		<property name="password" value="${database.password}" />
	</bean>
	
	<bean id="derbyjpaAdpater"
		class="org.springframework.orm.jpa.vendor.HibernateJpaVendorAdapter">
		<property name="database" value="DERBY" />
		<property name="showSql" value="true" />
		<property name="generateDdl" value="false"/>
	</bean>
	
</beans>